
Showing logs for build [32mcb-kubecd-bdd-nh-1592795585-pr-498ck-1[0m stage [32mfrom-build-pack[0m and container [32mstep-credential-initializer-thd58[0m
{"level":"info","ts":1592799549.247725,"logger":"fallback-logger","caller":"logging/config.go:69","msg":"Fetch GitHub commit ID from kodata failed: open /var/run/ko/refs/heads/0.8.0-ns-support: no such file or directory"}
{"level":"info","ts":1592799549.2480037,"logger":"fallback-logger","caller":"creds-init/main.go:40","msg":"Credentials initialized."}

Showing logs for build [32mcb-kubecd-bdd-nh-1592795585-pr-498ck-1[0m stage [32mfrom-build-pack[0m and container [32mstep-working-dir-initializer-r2fbc[0m
{"level":"info","ts":1592799549.761374,"logger":"fallback-logger","caller":"logging/config.go:69","msg":"Fetch GitHub commit ID from kodata failed: open /var/run/ko/HEAD: no such file or directory"}
{"level":"info","ts":1592799549.7621112,"logger":"fallback-logger","caller":"bash/main.go:64","msg":"Successfully executed command \"sh -c mkdir -p /workspace/source\"; output "}

Showing logs for build [32mcb-kubecd-bdd-nh-1592795585-pr-498ck-1[0m stage [32mfrom-build-pack[0m and container [32mstep-place-tools[0m

Showing logs for build [32mcb-kubecd-bdd-nh-1592795585-pr-498ck-1[0m stage [32mfrom-build-pack[0m and container [32mstep-git-source-cb-kubecd-bdd-nh-1592795585-pr-498ck-hbts2[0m
{"level":"info","ts":1592799554.9098256,"logger":"fallback-logger","caller":"logging/config.go:69","msg":"Fetch GitHub commit ID from kodata failed: open /var/run/ko/refs/heads/0.8.0-ns-support: no such file or directory"}
{"level":"info","ts":1592799555.1099377,"logger":"fallback-logger","caller":"git/git.go:103","msg":"Successfully cloned https://github.com/cb-kubecd/bdd-nh-1592795585.git @ master in path /workspace/source"}

Showing logs for build [32mcb-kubecd-bdd-nh-1592795585-pr-498ck-1[0m stage [32mfrom-build-pack[0m and container [32mstep-git-merge[0m
Using SHAs from PULL_REFS=master:34547bdaadc3fdbfc4d4e97d039bcad23274d1e7,1:02c5efc07b489a24415d934025dadf8276ec942e
DEBUG: LC_ALL=C JX_LOG_LEVEL=error git fetch origin --unshallow 02c5efc07b489a24415d934025dadf8276ec942e: 34547bdaadc3fdbfc4d4e97d039bcad23274d1e7:
DEBUG: ran git fetch --unshallow origin 02c5efc07b489a24415d934025dadf8276ec942e: 34547bdaadc3fdbfc4d4e97d039bcad23274d1e7: in 
DEBUG: LC_ALL=C JX_LOG_LEVEL=error git branch
DEBUG: LC_ALL=C JX_LOG_LEVEL=error git checkout master
DEBUG: ran git checkout master in 
DEBUG: JX_LOG_LEVEL=error LC_ALL=C git reset --hard 34547bdaadc3fdbfc4d4e97d039bcad23274d1e7
DEBUG: ran git reset --hard 34547bdaadc3fdbfc4d4e97d039bcad23274d1e7 in 
DEBUG: LC_ALL=C JX_LOG_LEVEL=error git clean -fd .
DEBUG: ran clean --force -d . in 
DEBUG: LC_ALL=C JX_LOG_LEVEL=error git merge 02c5efc07b489a24415d934025dadf8276ec942e
DEBUG: ran git merge 02c5efc07b489a24415d934025dadf8276ec942e in 
DEBUG: LC_ALL=C JX_LOG_LEVEL=error git log --format=%H%x1f%an%x1f%ae%x1f%cn%x1f%ce%x1f%s%n%b%x1e 34547bdaadc3fdbfc4d4e97d039bcad23274d1e7..HEAD
Merged SHA 02c5efc07b489a24415d934025dadf8276ec942e with commit message 'My first PR commit' into base branch master

Showing logs for build [32mcb-kubecd-bdd-nh-1592795585-pr-498ck-1[0m stage [32mfrom-build-pack[0m and container [32mstep-build-npmrc[0m
WARNING: failed to find Secret npm-token in namespace **

Showing logs for build [32mcb-kubecd-bdd-nh-1592795585-pr-498ck-1[0m stage [32mfrom-build-pack[0m and container [32mstep-build-npm-install[0m
npm notice created a lockfile as package-lock.json. You should commit this file.
npm WARN REPLACE_ME@1.0.0 No repository field.
npm WARN REPLACE_ME@1.0.0 No license field.

up to date in 0.191s
found 0 vulnerabilities


Showing logs for build [32mcb-kubecd-bdd-nh-1592795585-pr-498ck-1[0m stage [32mfrom-build-pack[0m and container [32mstep-build-npm-test[0m

> REPLACE_ME@1.0.0 test /workspace/source
> echo "no test specified" && exit 0

no test specified

Showing logs for build [32mcb-kubecd-bdd-nh-1592795585-pr-498ck-1[0m stage [32mfrom-build-pack[0m and container [32mstep-build-container-build[0m
[36mINFO[0m[0000] Using dockerignore file: /workspace/source/.dockerignore 
[36mINFO[0m[0000] Retrieving image manifest node:9-slim        
[36mINFO[0m[0000] Retrieving image manifest node:9-slim        
[36mINFO[0m[0000] Built cross stage deps: map[]                
[36mINFO[0m[0000] Retrieving image manifest node:9-slim        
[36mINFO[0m[0001] Retrieving image manifest node:9-slim        
[36mINFO[0m[0001] Executing 0 build triggers                   
[36mINFO[0m[0001] cmd: EXPOSE                                  
[36mINFO[0m[0001] Adding exposed port: 8080/tcp                
[36mINFO[0m[0001] Checking for cached layer 296178596335.dkr.ecr.us-east-1.amazonaws.com/todo/cache:1eafc21abb48e14c38e0cbf2e21ee4416ec537cbeff70112737158d6995ca6dc... 
[36mINFO[0m[0001] No cached layer found for cmd COPY . .       
[36mINFO[0m[0001] Unpacking rootfs as cmd COPY . . requires it. 
[36mINFO[0m[0005] ENV PORT 8080                                
[36mINFO[0m[0005] No files changed in this command, skipping snapshotting. 
[36mINFO[0m[0005] EXPOSE 8080                                  
[36mINFO[0m[0005] cmd: EXPOSE                                  
[36mINFO[0m[0005] Adding exposed port: 8080/tcp                
[36mINFO[0m[0005] No files changed in this command, skipping snapshotting. 
[36mINFO[0m[0005] WORKDIR /usr/src/app                         
[36mINFO[0m[0005] cmd: workdir                                 
[36mINFO[0m[0005] Changed working directory to /usr/src/app    
[36mINFO[0m[0005] Creating directory /usr/src/app              
[36mINFO[0m[0005] Resolving 1 paths                            
[36mINFO[0m[0005] Taking snapshot of files...                  
[36mINFO[0m[0005] COPY . .                                     
[36mINFO[0m[0005] Resolving 143 paths                          
[36mINFO[0m[0005] Taking snapshot of files...                  
[36mINFO[0m[0005] CMD ["npm", "start"]                         
[36mINFO[0m[0005] No files changed in this command, skipping snapshotting. 
[36mINFO[0m[0005] Pushing layer 296178596335.dkr.ecr.us-east-1.amazonaws.com/todo/cache:1eafc21abb48e14c38e0cbf2e21ee4416ec537cbeff70112737158d6995ca6dc to cache now 
[33mWARN[0m[0005] error uploading layer to cache: failed to push to destination 296178596335.dkr.ecr.us-east-1.amazonaws.com/todo/cache:1eafc21abb48e14c38e0cbf2e21ee4416ec537cbeff70112737158d6995ca6dc: POST https://296178596335.dkr.ecr.us-east-1.amazonaws.com/v2/todo/cache/blobs/uploads/: NAME_UNKNOWN: The repository with name 'todo/cache' does not exist in the registry with id '296178596335' 

Showing logs for build [32mcb-kubecd-bdd-nh-1592795585-pr-498ck-1[0m stage [32mfrom-build-pack[0m and container [32mstep-postbuild-post-build[0m
no CVE provider running in the current ** namespace so skip adding image to be analysed

Showing logs for build [32mcb-kubecd-bdd-nh-1592795585-pr-498ck-1[0m stage [32mfrom-build-pack[0m and container [32mstep-promote-make-preview[0m
sed -i -e "s/version:.*/version: 0.0.0-SNAPSHOT-PR-1-1/" Chart.yaml
sed -i -e "s/version:.*/version: 0.0.0-SNAPSHOT-PR-1-1/" ../*/Chart.yaml
sed -i -e "s|repository:.*|repository: 296178596335.dkr.ecr.us-east-1.amazonaws.com\/cb-kubecd\/bdd-nh-1592795585|" values.yaml
sed -i -e "s/tag:.*/tag: 0.0.0-SNAPSHOT-PR-1-1/" values.yaml
echo "  version: 0.0.0-SNAPSHOT-PR-1-1" >> requirements.yaml
** step helm build
WARNING: No $CHART_REPOSITORY defined so using the default value of: http://jenkins-x-chartmuseum:8080
Adding missing Helm repo: storage.googleapis.com https://storage.googleapis.com/chartmuseum.jenkins-x.io
WARNING: No secrets found on "helm/repos" due: reading the secret "helm/repos" from vault: no secret "helm/repos" not found in vault
Read credentials for https://storage.googleapis.com/chartmuseum.jenkins-x.io from vault helm/repos
Successfully added Helm repository storage.googleapis.com.
Adding missing Helm repo: jenkins-x-chartmuseum http://jenkins-x-chartmuseum:8080
WARNING: No secrets found on "helm/repos" due: reading the secret "helm/repos" from vault: no secret "helm/repos" not found in vault
Read credentials for http://jenkins-x-chartmuseum:8080 from vault helm/repos
Successfully added Helm repository jenkins-x-chartmuseum.
WARNING: No $CHART_REPOSITORY defined so using the default value of: http://jenkins-x-chartmuseum:8080
Adding missing Helm repo: chartmuseum.jenkins-x.io http://chartmuseum.jenkins-x.io
WARNING: No secrets found on "helm/repos" due: reading the secret "helm/repos" from vault: no secret "helm/repos" not found in vault
Read credentials for http://chartmuseum.jenkins-x.io from vault helm/repos
Successfully added Helm repository chartmuseum.jenkins-x.io.

Showing logs for build [32mcb-kubecd-bdd-nh-1592795585-pr-498ck-1[0m stage [32mfrom-build-pack[0m and container [32mstep-promote-jx-preview[0m
Creating a preview
Created environment cb-kubecd-bdd-nh-1592795585-pr-1
Namespace **-cb-kubecd-bdd-nh-1592795585-pr-1 created 
expose:
  Annotations:
    helm.sh/hook: post-install,post-upgrade
    helm.sh/hook-delete-policy: hook-succeeded
  config:
    domain: 35.172.90.115.nip.io
    exposer: Ingress
    http: "true"
preview:
  image:
    repository: 296178596335.dkr.ecr.us-east-1.amazonaws.com/cb-kubecd/bdd-nh-1592795585
    tag: 0.0.0-SNAPSHOT-PR-1-1

Updating PipelineActivities cb-kubecd-bdd-nh-1592795585-pr-1-1 which has status 
WARNING: preview application http://bdd-nh-1592795585.**-cb-kubecd-bdd-nh-1592795585-pr-1.35.172.90.115.nip.io not available, error was 503 503 Service Temporarily Unavailable, delaying for: 1.415821315s
WARNING: preview application http://bdd-nh-1592795585.**-cb-kubecd-bdd-nh-1592795585-pr-1.35.172.90.115.nip.io not available, error was 503 503 Service Temporarily Unavailable, delaying for: 1.973107757s
WARNING: preview application http://bdd-nh-1592795585.**-cb-kubecd-bdd-nh-1592795585-pr-1.35.172.90.115.nip.io not available, error was 503 503 Service Temporarily Unavailable, delaying for: 2.47537259s
WARNING: preview application http://bdd-nh-1592795585.**-cb-kubecd-bdd-nh-1592795585-pr-1.35.172.90.115.nip.io not available, error was 503 503 Service Temporarily Unavailable, delaying for: 2.530214554s
Preview application is now available at: http://bdd-nh-1592795585.**-cb-kubecd-bdd-nh-1592795585-pr-1.35.172.90.115.nip.io
